<?xml version="1.0" encoding="UTF-8"?>
<!-- Generated by org.testng.reporters.JUnitReportReporter -->
<testsuite hostname="DESKTOP-GAH683G" failures="0" tests="30" name="smokeTest.ValidateSmokeTest" time="474.794" errors="1" timestamp="19 Mar 2018 10:55:01 GMT">
  <testcase classname="smokeTest.ValidateSmokeTest" name="ValidateSpecialOffer" time="6.256"/>
  <testcase classname="smokeTest.ValidateSmokeTest" name="ValidateCalendarLinks" time="23.958"/>
  <testcase classname="smokeTest.ValidateSmokeTest" name="ValidateLogin" time="31.907"/>
  <testcase classname="smokeTest.ValidateSmokeTest" name="ValidateCheckoutHeaderLogo" time="12.757"/>
  <testcase classname="smokeTest.ValidateSmokeTest" name="ValidateStandardsCatalogDetail" time="24.325"/>
  <testcase classname="smokeTest.ValidateSmokeTest" name="ValidateCartPage" time="4.856"/>
  <testcase classname="smokeTest.ValidateSmokeTest" name="ValidateTrackpage" time="18.265"/>
  <testcase classname="smokeTest.ValidateSmokeTest" name="ValidateStandardsCatalog" time="2.918"/>
  <testcase classname="smokeTest.ValidateSmokeTest" name="ValidateSavedReports" time="4.801"/>
  <testcase classname="smokeTest.ValidateSmokeTest" name="ValidateCheckoutProcess" time="43.304">
    <error message="expected [Order Confirmation - MarkITplace] but found [Checkout - MarkITplace]" type="java.lang.AssertionError">
      <![CDATA[java.lang.AssertionError: expected [Order Confirmation - MarkITplace] but found [Checkout - MarkITplace]
	at org.testng.Assert.fail(Assert.java:94)
	at org.testng.Assert.failNotEquals(Assert.java:494)
	at org.testng.Assert.assertEquals(Assert.java:123)
	at org.testng.Assert.assertEquals(Assert.java:176)
	at org.testng.Assert.assertEquals(Assert.java:186)
	at smokeTest.ValidateSmokeTest.ValidateCheckoutProcess(ValidateSmokeTest.java:631)
	at java.base/jdk.internal.reflect.NativeMethodAccessorImpl.invoke0(Native Method)
	at java.base/jdk.internal.reflect.NativeMethodAccessorImpl.invoke(NativeMethodAccessorImpl.java:62)
	at java.base/jdk.internal.reflect.DelegatingMethodAccessorImpl.invoke(DelegatingMethodAccessorImpl.java:43)
	at java.base/java.lang.reflect.Method.invoke(Method.java:564)
	at org.testng.internal.MethodInvocationHelper.invokeMethod(MethodInvocationHelper.java:80)
	at org.testng.internal.Invoker.invokeMethod(Invoker.java:714)
	at org.testng.internal.Invoker.invokeTestMethod(Invoker.java:901)
	at org.testng.internal.Invoker.invokeTestMethods(Invoker.java:1231)
	at org.testng.internal.TestMethodWorker.invokeTestMethods(TestMethodWorker.java:127)
	at org.testng.internal.TestMethodWorker.run(TestMethodWorker.java:111)
	at org.testng.TestRunner.privateRun(TestRunner.java:767)
	at org.testng.TestRunner.run(TestRunner.java:617)
	at org.testng.SuiteRunner.runTest(SuiteRunner.java:334)
	at org.testng.SuiteRunner.runSequentially(SuiteRunner.java:329)
	at org.testng.SuiteRunner.privateRun(SuiteRunner.java:291)
	at org.testng.SuiteRunner.run(SuiteRunner.java:240)
	at org.testng.SuiteRunnerWorker.runSuite(SuiteRunnerWorker.java:52)
	at org.testng.SuiteRunnerWorker.run(SuiteRunnerWorker.java:86)
	at org.testng.TestNG.runSuitesSequentially(TestNG.java:1198)
	at org.testng.TestNG.runSuitesLocally(TestNG.java:1123)
	at org.testng.TestNG.run(TestNG.java:1031)
	at org.testng.remote.AbstractRemoteTestNG.run(AbstractRemoteTestNG.java:114)
	at org.testng.remote.RemoteTestNG.initAndRun(RemoteTestNG.java:251)
	at org.testng.remote.RemoteTestNG.main(RemoteTestNG.java:77)
]]>
    </error>
  </testcase> <!-- ValidateCheckoutProcess -->
  <testcase classname="smokeTest.ValidateSmokeTest" name="ValidateFooterLinks" time="15.706"/>
  <testcase classname="smokeTest.ValidateSmokeTest" name="ValidateAddTofavorites" time="2.639"/>
  <testcase classname="smokeTest.ValidateSmokeTest" name="ValidateAllProduct" time="5.805"/>
  <testcase classname="smokeTest.ValidateSmokeTest" name="ValidateCalendarPage" time="12.179"/>
  <testcase classname="smokeTest.ValidateSmokeTest" name="ValidateSearching" time="13.881"/>
  <testcase classname="smokeTest.ValidateSmokeTest" name="ValidateAudioCablesCategory" time="8.551"/>
  <testcase classname="smokeTest.ValidateSmokeTest" name="ValidateFooterLogo" time="2.304"/>
  <testcase classname="smokeTest.ValidateSmokeTest" name="ValidatePAEmail" time="1.020"/>
  <testcase classname="smokeTest.ValidateSmokeTest" name="ValidateRecentViewLink" time="4.041"/>
  <testcase classname="smokeTest.ValidateSmokeTest" name="ValidateMyProfNavigation" time="6.296"/>
  <testcase classname="smokeTest.ValidateSmokeTest" name="ValidateRemoveFromCart" time="8.198"/>
  <testcase classname="smokeTest.ValidateSmokeTest" name="ValidateFavoriteIcon" time="34.333"/>
  <testcase classname="smokeTest.ValidateSmokeTest" name="ValidatePDP" time="6.732"/>
  <testcase classname="smokeTest.ValidateSmokeTest" name="ValidateCheckoutFooterLogo" time="2.631"/>
  <testcase classname="smokeTest.ValidateSmokeTest" name="ValidateordersPage" time="7.596"/>
  <testcase classname="smokeTest.ValidateSmokeTest" name="ValidatePurchaseAnalysisPage" time="4.033"/>
  <testcase classname="smokeTest.ValidateSmokeTest" name="ValidateAllReportsLinks" time="138.824"/>
  <testcase classname="smokeTest.ValidateSmokeTest" name="ValidateResources" time="10.213"/>
  <testcase classname="smokeTest.ValidateSmokeTest" name="ValidateAddToCart" time="15.000"/>
  <testcase classname="smokeTest.ValidateSmokeTest" name="ValidateHeaderLogo" time="1.465"/>
</testsuite> <!-- smokeTest.ValidateSmokeTest -->
